00:00:00.140833 VirtualBox GUI VM Selector Window 7.1.12 r169651 linux.amd64 (Jul 15 2025 20:14:26) release log
00:00:00.140834 Log opened 2025-08-14T05:49:32.007131000Z
00:00:00.140835 Build Type: release
00:00:00.140836 OS Product: Linux
00:00:00.140836 OS Release: 6.15.9-arch1-1
00:00:00.140836 OS Version: #1 SMP PREEMPT_DYNAMIC Sat, 02 Aug 2025 01:20:06 +0000
00:00:00.140849 DMI Product Name: ASUS TUF Gaming F15 FX506HCB_FX506HCB
00:00:00.140853 DMI Product Version: 1.0
00:00:00.140856 Firmware type: UEFI
00:00:00.141025 Secure Boot: Disabled
00:00:00.141044 Host RAM: 15725MB (15.3GB) total, 14165MB (13.8GB) available
00:00:00.141046 Executable: /usr/lib/virtualbox/VirtualBox
00:00:00.141046 Process ID: 2130
00:00:00.141047 Package type: LINUX_64BITS_GENERIC (OSE)
00:00:00.141060 Qt version: 6.9.1
00:00:00.141752 GUI: UIMediumEnumerator: Initial medium-enumeration finished!
00:00:00.144370 GUI: UIMediumEnumerator: Medium-enumeration started...
00:00:00.144375 GUI: UIMediumEnumerator: Medium-enumeration finished!
00:00:04.889469 GUI: UIInvisibleWindow::sltFallback: Move event missing. Screen: 0, work area: 959x539 x 800x800
00:00:04.889486 GUI: UIDesktopWidgetWatchdog::sltHandleHostScreenAvailableGeometryCalculated: Screen 0 work area is actually resized to: 959x539 x 800x800
00:02:05.469753 GUI: UIMediumEnumerator: Medium with key={{020a9ef7-e8f7-4505-9d3c-eed6d46a6558}} created
00:02:05.555598 GUI: UIMediumEnumerator: Medium-enumeration finished!
00:02:09.684694 GUI: UIMediumEnumerator: Medium-enumeration finished!
00:02:12.283027 GUI: UIMediumEnumerator: Medium-enumeration finished!
00:03:01.244337 GUI: UIMediumEnumerator: Medium-enumeration finished!
00:03:28.201414 GUI: UIMediumEnumerator: Medium-enumeration finished!
00:03:28.211911 GUI: UIMediumEnumerator: Medium-enumeration finished!
00:03:28.532892 GUI: UIMediumEnumerator: Medium-enumeration finished!
00:08:25.698343 GUI: UIMediumEnumerator: Medium-enumeration finished!
00:08:37.525596 GUI: UICommon: Handling aboutToQuit request..
00:08:38.264649 GUI: UICommon: aboutToQuit request handled!
