00:00:00.000115 main     VirtualBox XPCOM Server 7.1.12 r169651 linux.amd64 (Jul 15 2025 20:14:26) release log
00:00:00.000116 main     Log opened 2025-08-14T05:49:31.933676000Z
00:00:00.000117 main     Build Type: release
00:00:00.000118 main     OS Product: Linux
00:00:00.000118 main     OS Release: 6.15.9-arch1-1
00:00:00.000119 main     OS Version: #1 SMP PREEMPT_DYNAMIC Sat, 02 Aug 2025 01:20:06 +0000
00:00:00.000132 main     DMI Product Name: ASUS TUF Gaming F15 FX506HCB_FX506HCB
00:00:00.000135 main     DMI Product Version: 1.0
00:00:00.000138 main     Firmware type: UEFI
00:00:00.000310 main     Secure Boot: Disabled
00:00:00.000328 main     Host RAM: 15725MB (15.3GB) total, 14167MB (13.8GB) available
00:00:00.000329 main     Executable: /usr/lib/virtualbox/VBoxSVC
00:00:00.000330 main     Process ID: 2145
00:00:00.000330 main     Package type: LINUX_64BITS_GENERIC (OSE)
00:00:00.001252 main     IPC socket path: /tmp/.vbox-cyme-ipc/ipcd
00:00:00.006822 DCon01   VirtualBox: object creation starts
00:00:00.006856 DCon01   Home directory: '/home/cyme/.config/VirtualBox'
00:00:00.007145 DCon01   Loading settings file "/home/cyme/.config/VirtualBox/VirtualBox.xml" with version "1.12-linux"
00:00:00.007638 DCon01   Successfully initialised host USB using sysfs
00:00:00.014432 DCon01   NetIfAdpCtlOut: VBoxNetAdpCtl: Error while retrieving link speed for wlp2s0: VBoxNetAdpCtl: ioctl failed: Operation not supported
00:00:00.014895 DCon01   HostDnsMonitor: initializing
00:00:00.014969 DCon01   NAT: resolv.conf: nameserver 123.26.26.26
00:00:00.014970 DCon01   NAT: resolv.conf: nameserver 123.23.23.23
00:00:00.014972 DCon01   NAT: resolv.conf: nameserver 2001:ee0:26::26
00:00:00.014973 DCon01   NAT: resolv.conf: too many nameserver lines, ignoring 2001:ee0:23::23
00:00:00.014978 DCon01   HostDnsMonitor: updating information
00:00:00.014981 DCon01   HostDnsMonitor: old information
00:00:00.014981 DCon01     no server entries
00:00:00.014982 DCon01     no domain set
00:00:00.014983 DCon01     no search string entries
00:00:00.014983 DCon01   HostDnsMonitor: new information
00:00:00.014984 DCon01     server 1: 123.26.26.26
00:00:00.014984 DCon01     server 2: 123.23.23.23
00:00:00.014985 DCon01     server 3: 2001:ee0:26::26
00:00:00.014986 DCon01     no domain set
00:00:00.014986 DCon01     no search string entries
00:00:00.015882 DCon01   VD: VDInit finished with VINF_SUCCESS
00:00:00.016987 DCon01   OCI: Local config file '/home/cyme/.config/VirtualBox/oci_config' does not exist
00:00:00.016995 DCon01   OCI: Original config file '/home/cyme/.oci/config' does not exist
00:00:00.016996 DCon01   OCI: Reading profiles finished with status NS_OK
00:00:00.016998 DCon01   ExtPack: Created cloud provider 'OCI' (hrc=NS_OK)
00:00:00.017021 DCon01   VirtualBox: object created
00:00:00.744136 DCon04   Saving settings file "/home/cyme/.config/VirtualBox/VirtualBox.xml" with version "1.12-linux"
00:00:00.752616 DCon04   Finished saving settings file "/home/cyme/.config/VirtualBox/VirtualBox.xml"
00:00:11.052289 DCon02   Saving settings file "/home/cyme/.config/VirtualBox/VirtualBox.xml" with version "1.12-linux"
00:00:11.058924 DCon02   Finished saving settings file "/home/cyme/.config/VirtualBox/VirtualBox.xml"
00:00:16.223263 DCon04   Saving settings file "/home/cyme/.config/VirtualBox/VirtualBox.xml" with version "1.12-linux"
00:00:16.276704 DCon04   Finished saving settings file "/home/cyme/.config/VirtualBox/VirtualBox.xml"
00:00:45.556515 DCon04   Unattended: RTVfsQueryPathInfo(, '\OS2IMAGE/DISK_0/OS2LDR' (from OS2SE20.SRC),) -> VERR_PATH_NOT_FOUND, fMode=0x0
00:00:45.560087 DCon04   Saving settings file "/home/cyme/.config/VirtualBox/VirtualBox.xml" with version "1.12-linux"
00:00:45.568093 DCon04   Finished saving settings file "/home/cyme/.config/VirtualBox/VirtualBox.xml"
00:00:45.569096 DCon02   Saving settings file "/home/cyme/.config/VirtualBox/VirtualBox.xml" with version "1.12-linux"
00:00:45.576791 DCon02   Finished saving settings file "/home/cyme/.config/VirtualBox/VirtualBox.xml"
00:02:05.391838 createBase Saving settings file "/home/cyme/.config/VirtualBox/VirtualBox.xml" with version "1.12-linux"
00:02:05.399699 createBase Finished saving settings file "/home/cyme/.config/VirtualBox/VirtualBox.xml"
00:02:05.402967 DCon06   Platform architecture set to 'x86'
00:02:05.403033 DCon06   Platform architecture set to 'x86'
00:02:05.403037 DCon06   Platform architecture set to 'x86'
00:02:05.403225 DCon06   Platform architecture set to 'x86'
00:02:05.403645 DCon06   Saving settings file "/home/cyme/VirtualBox VMs/alpine_linux/alpine_linux.vbox" with version "1.19-linux"
00:02:05.411365 DCon06   Finished saving settings file "/home/cyme/VirtualBox VMs/alpine_linux/alpine_linux.vbox"
00:02:05.411437 DCon06   Saving settings file "/home/cyme/.config/VirtualBox/VirtualBox.xml" with version "1.12-linux"
00:02:05.416690 DCon06   Finished saving settings file "/home/cyme/.config/VirtualBox/VirtualBox.xml"
00:02:05.417073 DCon04   Platform architecture set to 'x86'
00:02:05.418242 DCon04   Saving settings file "/home/cyme/.config/VirtualBox/VirtualBox.xml" with version "1.12-linux"
00:02:05.426373 DCon04   Finished saving settings file "/home/cyme/.config/VirtualBox/VirtualBox.xml"
00:02:05.427036 DCon07   Saving settings file "/home/cyme/.config/VirtualBox/VirtualBox.xml" with version "1.12-linux"
00:02:05.434872 DCon07   Finished saving settings file "/home/cyme/.config/VirtualBox/VirtualBox.xml"
00:02:05.435124 DCon06   Saving settings file "/home/cyme/VirtualBox VMs/alpine_linux/alpine_linux.vbox" with version "1.19-linux"
00:02:05.442883 DCon06   Finished saving settings file "/home/cyme/VirtualBox VMs/alpine_linux/alpine_linux.vbox"
00:02:05.459058 DCon06   Saving settings file "/home/cyme/.config/VirtualBox/VirtualBox.xml" with version "1.12-linux"
00:02:05.464598 DCon06   Finished saving settings file "/home/cyme/.config/VirtualBox/VirtualBox.xml"
00:02:05.798253 DCon03   Saving settings file "/home/cyme/.config/VirtualBox/VirtualBox.xml" with version "1.12-linux"
00:02:05.805453 DCon03   Finished saving settings file "/home/cyme/.config/VirtualBox/VirtualBox.xml"
00:02:05.822713 DCon04   ERROR [COM]: aRC=VBOX_E_OBJECT_NOT_FOUND (0x80bb0001) aIID={5bfd8965-b81b-469f-8649-f717ce97a5d5} aComponent={NvramStoreWrap} aText={The UEFI NVRAM file is not existing for this machine}, preserve=false aResultDetail=0
00:02:05.884026 DCon04   ERROR [COM]: aRC=VBOX_E_INVALID_VM_STATE (0x80bb0002) aIID={e36a5081-a82a-40bd-9e4e-42a44d6ce50f} aComponent={MachineWrap} aText={The machine is not mutable, saved or running (state is PoweredOff)}, preserve=false aResultDetail=0
00:02:08.590016 DCon07   Launched VM: 808928 pid: 2373 (0x945) frontend: GUI/Qt name: alpine_linux
00:02:08.612707 DCon06   ERROR [COM]: aRC=VBOX_E_OBJECT_NOT_FOUND (0x80bb0001) aIID={5bfd8965-b81b-469f-8649-f717ce97a5d5} aComponent={NvramStoreWrap} aText={The UEFI NVRAM file is not existing for this machine}, preserve=false aResultDetail=0
00:02:08.623854 DCon06   ERROR [COM]: aRC=VBOX_E_INVALID_VM_STATE (0x80bb0002) aIID={e36a5081-a82a-40bd-9e4e-42a44d6ce50f} aComponent={MachineWrap} aText={The machine is not mutable, saved or running (state is PoweredOff)}, preserve=false aResultDetail=0
00:02:08.734339 DCon09   Platform architecture set to 'x86'
00:02:08.749370 DCon11   ERROR [COM]: aRC=VBOX_E_OBJECT_NOT_FOUND (0x80bb0001) aIID={5bfd8965-b81b-469f-8649-f717ce97a5d5} aComponent={NvramStoreWrap} aText={The UEFI NVRAM file is not existing for this machine}, preserve=false aResultDetail=0
00:02:08.751709 DCon13   ERROR [COM]: aRC=VBOX_E_INVALID_VM_STATE (0x80bb0002) aIID={e36a5081-a82a-40bd-9e4e-42a44d6ce50f} aComponent={MachineWrap} aText={The machine is not mutable, saved or running (state is PoweredOff)}, preserve=false aResultDetail=0
00:02:09.062950 DCon13   Load [/usr/lib/virtualbox/ExtensionPacks/Oracle_VirtualBox_Extension_Pack/linux.amd64/VBoxHostWebcam.so] vrc=VINF_SUCCESS
00:02:09.194489 DCon13   ERROR [COM]: aRC=NS_ERROR_FAILURE (0x80004005) aIID={bea3ef5c-de2f-4b74-aa3a-15d6249371a0} aComponent={RecordingSettingsWrap} aText={Recording not started}, preserve=false aResultDetail=0
00:02:09.216226 DCon13   NetIfAdpCtlOut: VBoxNetAdpCtl: Error while retrieving link speed for wlp2s0: VBoxNetAdpCtl: ioctl failed: Operation not supported
00:02:09.258768 DCon04   ERROR [COM]: aRC=VBOX_E_OBJECT_NOT_FOUND (0x80bb0001) aIID={5bfd8965-b81b-469f-8649-f717ce97a5d5} aComponent={NvramStoreWrap} aText={The UEFI NVRAM file is not existing for this machine}, preserve=false aResultDetail=0
00:02:09.264668 DCon04   ERROR [COM]: aRC=NS_ERROR_FAILURE (0x80004005) aIID={bea3ef5c-de2f-4b74-aa3a-15d6249371a0} aComponent={RecordingSettingsWrap} aText={Recording not started}, preserve=false aResultDetail=0
00:02:09.294217 DCon04   ERROR [COM]: aRC=VBOX_E_INVALID_VM_STATE (0x80bb0002) aIID={e36a5081-a82a-40bd-9e4e-42a44d6ce50f} aComponent={MachineWrap} aText={The machine is not mutable, saved or running (state is Starting)}, preserve=false aResultDetail=0
00:02:09.350298 DCon04   ERROR [COM]: aRC=VBOX_E_OBJECT_NOT_FOUND (0x80bb0001) aIID={7d510820-a678-4730-a862-818dcd3fbed0} aComponent={MediumWrap} aText={Property 'CRYPT/KeyId' does not exist}, preserve=false aResultDetail=0
00:02:09.350802 DCon04   ERROR [COM]: aRC=VBOX_E_OBJECT_NOT_FOUND (0x80bb0001) aIID={7d510820-a678-4730-a862-818dcd3fbed0} aComponent={MediumWrap} aText={Property 'CRYPT/KeyId' does not exist}, preserve=false aResultDetail=0
00:02:09.351354 DCon04   HostDnsMonitorProxy::GetDomainName: no domain set
00:02:09.351402 DCon04   HostDnsMonitorProxy::GetNameServers:
00:02:09.351403 DCon04     name server 1: 123.26.26.26
00:02:09.351404 DCon04     name server 2: 123.23.23.23
00:02:09.351405 DCon04     name server 3: 2001:ee0:26::26
00:02:09.351450 DCon04   HostDnsMonitorProxy::GetSearchStrings:
00:02:09.351451 DCon04     no search string entries
00:02:09.360027 DCon11   ERROR [COM]: aRC=NS_ERROR_FAILURE (0x80004005) aIID={bea3ef5c-de2f-4b74-aa3a-15d6249371a0} aComponent={RecordingSettingsWrap} aText={Recording not started}, preserve=false aResultDetail=0
00:02:09.383711 DCon13   ERROR [COM]: aRC=VBOX_E_OBJECT_NOT_FOUND (0x80bb0001) aIID={5bfd8965-b81b-469f-8649-f717ce97a5d5} aComponent={NvramStoreWrap} aText={The UEFI NVRAM file is not existing for this machine}, preserve=false aResultDetail=0
00:02:09.393008 DCon13   ERROR [COM]: aRC=VBOX_E_INVALID_VM_STATE (0x80bb0002) aIID={e36a5081-a82a-40bd-9e4e-42a44d6ce50f} aComponent={MachineWrap} aText={The machine is not mutable, saved or running (state is Running)}, preserve=false aResultDetail=0
00:02:09.553206 DCon13   Saving settings file "/home/cyme/.config/VirtualBox/VirtualBox.xml" with version "1.12-linux"
00:02:09.559543 DCon13   Finished saving settings file "/home/cyme/.config/VirtualBox/VirtualBox.xml"
00:02:09.609341 DCon11   Saving settings file "/home/cyme/VirtualBox VMs/alpine_linux/alpine_linux.vbox" with version "1.19-linux"
00:02:09.614834 DCon11   Finished saving settings file "/home/cyme/VirtualBox VMs/alpine_linux/alpine_linux.vbox"
00:02:09.618785 DCon03   ERROR [COM]: aRC=VBOX_E_OBJECT_NOT_FOUND (0x80bb0001) aIID={5bfd8965-b81b-469f-8649-f717ce97a5d5} aComponent={NvramStoreWrap} aText={The UEFI NVRAM file is not existing for this machine}, preserve=false aResultDetail=0
00:02:09.633701 DCon12   ERROR [COM]: aRC=VBOX_E_INVALID_VM_STATE (0x80bb0002) aIID={e36a5081-a82a-40bd-9e4e-42a44d6ce50f} aComponent={MachineWrap} aText={The machine is not mutable, saved or running (state is Running)}, preserve=false aResultDetail=0
00:02:12.155896 DCon09   Saving settings file "/home/cyme/VirtualBox VMs/alpine_linux/alpine_linux.vbox" with version "1.19-linux"
00:02:12.207409 DCon09   Finished saving settings file "/home/cyme/VirtualBox VMs/alpine_linux/alpine_linux.vbox"
00:02:12.207477 DCon13   Saving settings file "/home/cyme/.config/VirtualBox/VirtualBox.xml" with version "1.12-linux"
00:02:12.213479 DCon13   Finished saving settings file "/home/cyme/.config/VirtualBox/VirtualBox.xml"
00:02:12.217334 DCon07   ERROR [COM]: aRC=VBOX_E_OBJECT_NOT_FOUND (0x80bb0001) aIID={5bfd8965-b81b-469f-8649-f717ce97a5d5} aComponent={NvramStoreWrap} aText={The UEFI NVRAM file is not existing for this machine}, preserve=false aResultDetail=0
00:02:12.229028 DCon07   ERROR [COM]: aRC=VBOX_E_INVALID_VM_STATE (0x80bb0002) aIID={e36a5081-a82a-40bd-9e4e-42a44d6ce50f} aComponent={MachineWrap} aText={The machine is not mutable, saved or running (state is Running)}, preserve=false aResultDetail=0
00:03:01.122930 DCon13   Saving settings file "/home/cyme/VirtualBox VMs/alpine_linux/alpine_linux.vbox" with version "1.19-linux"
00:03:01.174324 DCon13   Finished saving settings file "/home/cyme/VirtualBox VMs/alpine_linux/alpine_linux.vbox"
00:03:01.178784 DCon03   ERROR [COM]: aRC=VBOX_E_OBJECT_NOT_FOUND (0x80bb0001) aIID={5bfd8965-b81b-469f-8649-f717ce97a5d5} aComponent={NvramStoreWrap} aText={The UEFI NVRAM file is not existing for this machine}, preserve=false aResultDetail=0
00:03:01.187364 DCon06   ERROR [COM]: aRC=VBOX_E_INVALID_VM_STATE (0x80bb0002) aIID={e36a5081-a82a-40bd-9e4e-42a44d6ce50f} aComponent={MachineWrap} aText={The machine is not mutable, saved or running (state is Running)}, preserve=false aResultDetail=0
00:03:28.125314 DCon09   Saving settings file "/home/cyme/VirtualBox VMs/alpine_linux/alpine_linux.vbox" with version "1.19-linux"
00:03:28.131634 DCon09   Finished saving settings file "/home/cyme/VirtualBox VMs/alpine_linux/alpine_linux.vbox"
00:03:28.135305 DCon06   Saving settings file "/home/cyme/VirtualBox VMs/alpine_linux/alpine_linux.vbox" with version "1.19-linux"
00:03:28.140671 DCon06   Finished saving settings file "/home/cyme/VirtualBox VMs/alpine_linux/alpine_linux.vbox"
00:03:28.141831 DCon16   ERROR [COM]: aRC=VBOX_E_OBJECT_NOT_FOUND (0x80bb0001) aIID={5bfd8965-b81b-469f-8649-f717ce97a5d5} aComponent={NvramStoreWrap} aText={The UEFI NVRAM file is not existing for this machine}, preserve=false aResultDetail=0
00:03:28.153862 DCon04   ERROR [COM]: aRC=VBOX_E_OBJECT_NOT_FOUND (0x80bb0001) aIID={5bfd8965-b81b-469f-8649-f717ce97a5d5} aComponent={NvramStoreWrap} aText={The UEFI NVRAM file is not existing for this machine}, preserve=false aResultDetail=0
00:03:28.161301 DCon09   ERROR [COM]: aRC=VBOX_E_INVALID_VM_STATE (0x80bb0002) aIID={e36a5081-a82a-40bd-9e4e-42a44d6ce50f} aComponent={MachineWrap} aText={The machine is not mutable, saved or running (state is Running)}, preserve=false aResultDetail=0
00:03:28.456886 DCon09   Saving settings file "/home/cyme/VirtualBox VMs/alpine_linux/alpine_linux.vbox" with version "1.19-linux"
00:03:28.463212 DCon09   Finished saving settings file "/home/cyme/VirtualBox VMs/alpine_linux/alpine_linux.vbox"
00:03:28.467200 DCon14   ERROR [COM]: aRC=VBOX_E_OBJECT_NOT_FOUND (0x80bb0001) aIID={5bfd8965-b81b-469f-8649-f717ce97a5d5} aComponent={NvramStoreWrap} aText={The UEFI NVRAM file is not existing for this machine}, preserve=false aResultDetail=0
00:03:28.473372 DCon16   ERROR [COM]: aRC=VBOX_E_INVALID_VM_STATE (0x80bb0002) aIID={e36a5081-a82a-40bd-9e4e-42a44d6ce50f} aComponent={MachineWrap} aText={The machine is not mutable, saved or running (state is Running)}, preserve=false aResultDetail=0
00:03:58.715368 DCon04   Saving settings file "/home/cyme/.config/VirtualBox/VirtualBox.xml" with version "1.12-linux"
00:03:58.721882 DCon04   Finished saving settings file "/home/cyme/.config/VirtualBox/VirtualBox.xml"
00:03:59.465590 DCon13   Saving settings file "/home/cyme/.config/VirtualBox/VirtualBox.xml" with version "1.12-linux"
00:03:59.472123 DCon13   Finished saving settings file "/home/cyme/.config/VirtualBox/VirtualBox.xml"
00:07:44.647853 DCon18   ERROR [COM]: aRC=VBOX_E_OBJECT_NOT_FOUND (0x80bb0001) aIID={5bfd8965-b81b-469f-8649-f717ce97a5d5} aComponent={NvramStoreWrap} aText={The UEFI NVRAM file is not existing for this machine}, preserve=false aResultDetail=0
00:07:44.659808 DCon18   NetIfAdpCtlOut: VBoxNetAdpCtl: Error while retrieving link speed for wlp2s0: VBoxNetAdpCtl: ioctl failed: Operation not supported
00:07:44.667626 DCon13   NetIfAdpCtlOut: VBoxNetAdpCtl: Error while retrieving link speed for wlp2s0: VBoxNetAdpCtl: ioctl failed: Operation not supported
00:07:45.824678 DCon20   Saving settings file "/home/cyme/.config/VirtualBox/VirtualBox.xml" with version "1.12-linux"
00:07:45.830920 DCon20   Finished saving settings file "/home/cyme/.config/VirtualBox/VirtualBox.xml"
00:07:49.213722 DCon18   Saving settings file "/home/cyme/.config/VirtualBox/VirtualBox.xml" with version "1.12-linux"
00:07:49.220012 DCon18   Finished saving settings file "/home/cyme/.config/VirtualBox/VirtualBox.xml"
00:08:16.353777 DCon25   ERROR [COM]: aRC=VBOX_E_OBJECT_NOT_FOUND (0x80bb0001) aIID={5bfd8965-b81b-469f-8649-f717ce97a5d5} aComponent={NvramStoreWrap} aText={The UEFI NVRAM file is not existing for this machine}, preserve=false aResultDetail=0
00:08:16.362512 DCon25   ERROR [COM]: aRC=VBOX_E_INVALID_VM_STATE (0x80bb0002) aIID={e36a5081-a82a-40bd-9e4e-42a44d6ce50f} aComponent={MachineWrap} aText={The machine is not mutable, saved or running (state is Paused)}, preserve=false aResultDetail=0
00:08:25.576080 DCon28   Saving settings file "/home/cyme/VirtualBox VMs/alpine_linux/alpine_linux.vbox" with version "1.19-linux"
00:08:25.628191 DCon28   Finished saving settings file "/home/cyme/VirtualBox VMs/alpine_linux/alpine_linux.vbox"
00:08:25.633107 DCon13   ERROR [COM]: aRC=VBOX_E_OBJECT_NOT_FOUND (0x80bb0001) aIID={5bfd8965-b81b-469f-8649-f717ce97a5d5} aComponent={NvramStoreWrap} aText={The UEFI NVRAM file is not existing for this machine}, preserve=false aResultDetail=0
00:08:25.637644 DCon29   ERROR [COM]: aRC=VBOX_E_INVALID_VM_STATE (0x80bb0002) aIID={e36a5081-a82a-40bd-9e4e-42a44d6ce50f} aComponent={SessionMachine} aText={The machine is not mutable or saved (state is Stopping)}, preserve=false aResultDetail=0
00:08:25.655383 DCon30   ERROR [COM]: aRC=VBOX_E_OBJECT_NOT_FOUND (0x80bb0001) aIID={5bfd8965-b81b-469f-8649-f717ce97a5d5} aComponent={NvramStoreWrap} aText={The UEFI NVRAM file is not existing for this machine}, preserve=false aResultDetail=0
00:08:25.662447 DCon30   ERROR [COM]: aRC=VBOX_E_INVALID_VM_STATE (0x80bb0002) aIID={e36a5081-a82a-40bd-9e4e-42a44d6ce50f} aComponent={MachineWrap} aText={The machine is not mutable, saved or running (state is Stopping)}, preserve=false aResultDetail=0
00:08:25.666647 DCon30   Saving settings file "/home/cyme/VirtualBox VMs/alpine_linux/alpine_linux.vbox" with version "1.19-linux"
00:08:25.674558 DCon30   Finished saving settings file "/home/cyme/VirtualBox VMs/alpine_linux/alpine_linux.vbox"
00:08:25.687535 DCon32   ERROR [COM]: aRC=NS_ERROR_INVALID_ARG (0x80070057) aIID={e36a5081-a82a-40bd-9e4e-42a44d6ce50f} aComponent={SessionMachine} aText={Properties with TRANSIENT or TRANSRESET flag cannot be set or modified if VM is not running}, preserve=false aResultDetail=0
00:08:25.688738 DCon31   ERROR [COM]: aRC=VBOX_E_OBJECT_NOT_FOUND (0x80bb0001) aIID={5bfd8965-b81b-469f-8649-f717ce97a5d5} aComponent={NvramStoreWrap} aText={The UEFI NVRAM file is not existing for this machine}, preserve=false aResultDetail=0
00:08:25.696115 DCon31   ERROR [COM]: aRC=VBOX_E_INVALID_VM_STATE (0x80bb0002) aIID={e36a5081-a82a-40bd-9e4e-42a44d6ce50f} aComponent={MachineWrap} aText={The machine is not mutable, saved or running (state is PoweredOff)}, preserve=false aResultDetail=0
00:08:26.687907 DCon28   ERROR [COM]: aRC=VBOX_E_OBJECT_NOT_FOUND (0x80bb0001) aIID={5bfd8965-b81b-469f-8649-f717ce97a5d5} aComponent={NvramStoreWrap} aText={The UEFI NVRAM file is not existing for this machine}, preserve=false aResultDetail=0
00:08:26.699296 DCon28   ERROR [COM]: aRC=VBOX_E_INVALID_VM_STATE (0x80bb0002) aIID={e36a5081-a82a-40bd-9e4e-42a44d6ce50f} aComponent={MachineWrap} aText={The machine is not mutable, saved or running (state is PoweredOff)}, preserve=false aResultDetail=0
00:08:34.107165 DCon13   Saving settings file "/home/cyme/.config/VirtualBox/VirtualBox.xml" with version "1.12-linux"
00:08:34.158442 DCon13   Finished saving settings file "/home/cyme/.config/VirtualBox/VirtualBox.xml"
00:08:34.158487 DCon13   Saving settings file "/home/cyme/.config/VirtualBox/VirtualBox.xml" with version "1.12-linux"
00:08:34.164531 DCon13   Finished saving settings file "/home/cyme/.config/VirtualBox/VirtualBox.xml"
00:08:34.166987 DeleteVM Saving settings file "/home/cyme/.config/VirtualBox/VirtualBox.xml" with version "1.12-linux"
00:08:34.175146 DeleteVM Finished saving settings file "/home/cyme/.config/VirtualBox/VirtualBox.xml"
00:08:34.175699 DCon32   Saving settings file "/home/cyme/.config/VirtualBox/VirtualBox.xml" with version "1.12-linux"
00:08:34.180989 DCon32   Finished saving settings file "/home/cyme/.config/VirtualBox/VirtualBox.xml"
00:08:34.188135 DCon32   ERROR [COM]: aRC=VBOX_E_OBJECT_NOT_FOUND (0x80bb0001) aIID={d644ad1e-c501-4fc7-9ab6-aa6d763bc540} aComponent={VirtualBoxWrap} aText={Could not find a registered machine with UUID {88e48cb8-257b-4103-849b-86a726d32554}}, preserve=false aResultDetail=0
00:08:34.198550 DCon28   ERROR [COM]: aRC=VBOX_E_OBJECT_NOT_FOUND (0x80bb0001) aIID={d644ad1e-c501-4fc7-9ab6-aa6d763bc540} aComponent={VirtualBoxWrap} aText={Could not find a registered machine with UUID {88e48cb8-257b-4103-849b-86a726d32554}}, preserve=false aResultDetail=0
00:08:34.205821 DCon28   ERROR [COM]: aRC=VBOX_E_OBJECT_NOT_FOUND (0x80bb0001) aIID={5bfd8965-b81b-469f-8649-f717ce97a5d5} aComponent={NvramStoreWrap} aText={The UEFI NVRAM file is not existing for this machine}, preserve=false aResultDetail=0
00:08:34.207273 DCon28   ERROR [COM]: aRC=NS_ERROR_FAILURE (0x80004005) aIID={bea3ef5c-de2f-4b74-aa3a-15d6249371a0} aComponent={RecordingSettingsWrap} aText={Recording not started}, preserve=false aResultDetail=0
00:08:43.192052 main     VirtualBox: object deletion starts
00:08:43.192257 main     HostDnsMonitor: shutting down ...
00:08:43.192735 main     HostDnsMonitor: shut down
00:08:43.203865 Watcher  ERROR [COM]: aRC=E_ACCESSDENIED (0x80070005) aIID={d644ad1e-c501-4fc7-9ab6-aa6d763bc540} aComponent={VirtualBoxWrap} aText={The object is not ready}, preserve=false aResultDetail=0
00:08:43.203906 main     VirtualBox: object deleted
